dpkg-buildpackage: info: source package stackops
dpkg-buildpackage: info: source version 1.0.1
dpkg-buildpackage: info: source distribution unstable
dpkg-buildpackage: info: source changed by Ankitraj Dwivedi <ankitrajatwork@gmail.com.com>
 dpkg-source --before-build .
dpkg-buildpackage: info: host architecture amd64
 debian/rules clean
dh clean --with python3 --buildsystem=pybuild
   debian/rules override_dh_auto_clean
make[1]: Entering directory '/mnt/e/BigProject/cicd-server-setup/stackops'
rm -rf build/ *.egg-info/ .pybuild/ debian/.debhelper/ debian/stackops/ debian/files
dh_auto_clean || true
	pybuild --clean -i python{version} -p 3.12
D: pybuild pybuild:602: version: 6.20240401
D: pybuild pybuild:603: ['/usr/bin/pybuild', '--clean', '-i', 'python{version}', '-p', '3.12']
D: pybuild pybuild:39: cfg: Namespace(verbose=True, quiet=False, really_quiet=False, detect_only=False, clean_only=True, configure_only=False, build_only=False, install_only=False, test_only=False, autopkgtest_only=False, list_systems=False, print_args=None, before_clean=None, clean_args=None, after_clean=None, before_configure=None, configure_args=None, after_configure=None, before_build=None, build_args=None, after_build=None, before_install=None, install_args=None, after_install=None, before_test=None, test_args=None, after_test=None, test_nose=False, test_nose2=False, test_pytest=False, test_tox=False, test_stestr=False, test_custom=False, dir='/mnt/e/BigProject/cicd-server-setup/stackops', destdir='debian/tmp', ext_destdir=None, ext_pattern='\\.so(\\.[^/]*)?$', ext_sub_pattern=None, ext_sub_repl=None, install_dir=None, name='stackops', system='setuptools', versions=['3.12'], interpreter=['python{version}'], disable=None, custom_tests=False)
D: pybuild __init__:37: cannot initialize 'cmake' plugin: Missing command 'cmake'
D: pybuild __init__:37: cannot initialize 'meson' plugin: Missing command 'meson'
D: pybuild tools:231: invoking: /usr/bin/dpkg-architecture
E: pybuild pybuild:108: unrecognized build system: setuptools
dh_auto_clean: error: pybuild --clean -i python{version} -p 3.12 returned exit code 10
make[1]: Leaving directory '/mnt/e/BigProject/cicd-server-setup/stackops'
   dh_autoreconf_clean -O--buildsystem=pybuild
   debian/rules override_dh_clean
make[1]: Entering directory '/mnt/e/BigProject/cicd-server-setup/stackops'
dh_clean
	rm -f debian/debhelper-build-stamp
	rm -rf debian/.debhelper/
	rm -f -- debian/stackops.substvars debian/files
	rm -fr -- debian/stackops/ debian/tmp/
	find .  \( \( \
		\( -path .\*/.git -o -path .\*/.svn -o -path .\*/.bzr -o -path .\*/.hg -o -path .\*/CVS -o -path .\*/.pc -o -path .\*/_darcs \) -prune -o -type f -a \
	        \( -name '#*#' -o -name '.*~' -o -name '*~' -o -name DEADJOE \
		 -o -name '*.orig' -o -name '*.rej' -o -name '*.bak' \
		 -o -name '.*.orig' -o -name .*.rej -o -name '.SUMS' \
		 -o -name TAGS -o \( -path '*/.deps/*' -a -name '*.P' \) \
		\) -exec rm -f {} + \) -o \
		\( -type d -a \( -name autom4te.cache -o -name __pycache__ \) -prune -exec rm -rf {} + \) \)
make[1]: Leaving directory '/mnt/e/BigProject/cicd-server-setup/stackops'
 debian/rules binary
dh binary --with python3 --buildsystem=pybuild
   dh_update_autotools_config -O--buildsystem=pybuild
   dh_autoreconf -O--buildsystem=pybuild
   dh_auto_configure -O--buildsystem=pybuild
	pybuild --configure -i python{version} -p 3.12
D: pybuild pybuild:602: version: 6.20240401
D: pybuild pybuild:603: ['/usr/bin/pybuild', '--configure', '-i', 'python{version}', '-p', '3.12']
D: pybuild pybuild:39: cfg: Namespace(verbose=True, quiet=False, really_quiet=False, detect_only=False, clean_only=False, configure_only=True, build_only=False, install_only=False, test_only=False, autopkgtest_only=False, list_systems=False, print_args=None, before_clean=None, clean_args=None, after_clean=None, before_configure=None, configure_args=None, after_configure=None, before_build=None, build_args=None, after_build=None, before_install=None, install_args=None, after_install=None, before_test=None, test_args=None, after_test=None, test_nose=False, test_nose2=False, test_pytest=False, test_tox=False, test_stestr=False, test_custom=False, dir='/mnt/e/BigProject/cicd-server-setup/stackops', destdir='debian/tmp', ext_destdir=None, ext_pattern='\\.so(\\.[^/]*)?$', ext_sub_pattern=None, ext_sub_repl=None, install_dir=None, name='stackops', system='setuptools', versions=['3.12'], interpreter=['python{version}'], disable=None, custom_tests=False)
D: pybuild __init__:37: cannot initialize 'cmake' plugin: Missing command 'cmake'
D: pybuild __init__:37: cannot initialize 'meson' plugin: Missing command 'meson'
D: pybuild tools:231: invoking: /usr/bin/dpkg-architecture
E: pybuild pybuild:108: unrecognized build system: setuptools
dh_auto_configure: error: pybuild --configure -i python{version} -p 3.12 returned exit code 10
make: *** [debian/rules:9: binary] Error 25
dpkg-buildpackage: error: debian/rules binary subprocess returned exit status 2
